<?xml version="1.0" encoding="UTF-8"?>
<!-- Generated by org.testng.reporters.JUnitReportReporter -->
<testsuite name="com.qa.testCases.AmazonHomePageTest" tests="1" time="2.437" ignored="0" failures="0" timestamp="24 May 2020 09:47:08 GMT" skipped="0" hostname="IITC-WS-DT06" errors="0">
  <testcase name="mobileSearchItemTest" time="2.437" classname="com.qa.testCases.AmazonHomePageTest"/>
</testsuite> <!-- com.qa.testCases.AmazonHomePageTest -->
