<?xml version="1.0" encoding="UTF-8"?>
<!-- Generated by org.testng.reporters.JUnitReportReporter -->
<testsuite name="com.qa.testCases.FlipkartSearchPageTest" tests="3" time="2.068" ignored="0" failures="0" timestamp="24 May 2020 09:47:08 GMT" skipped="0" hostname="IITC-WS-DT06" errors="0">
  <testcase name="phoneSearchTest" time="2.038" classname="com.qa.testCases.FlipkartSearchPageTest"/>
  <testcase name="getPrice" time="0.029" classname="com.qa.testCases.FlipkartSearchPageTest"/>
  <testcase name="comparePrice" time="0.001" classname="com.qa.testCases.FlipkartSearchPageTest"/>
</testsuite> <!-- com.qa.testCases.FlipkartSearchPageTest -->
