<?xml version="1.0" encoding="UTF-8"?>
<!-- Generated by org.testng.reporters.JUnitReportReporter -->
<testsuite name="com.qa.testCases.FlipkartHomePageTest" tests="3" time="16.694" ignored="0" failures="0" timestamp="23 May 2020 12:33:48 GMT" skipped="0" hostname="IITC-WS-DT06" errors="0">
  <testcase name="setup" time="14.370" classname="com.qa.testCases.FlipkartHomePageTest"/>
  <testcase name="searchClickTest" time="2.080" classname="com.qa.testCases.FlipkartHomePageTest"/>
  <testcase name="mobileSearchItemTest" time="0.244" classname="com.qa.testCases.FlipkartHomePageTest"/>
</testsuite> <!-- com.qa.testCases.FlipkartHomePageTest -->
