<?xml version="1.0" encoding="UTF-8"?>
<!-- Generated by org.testng.reporters.JUnitReportReporter -->
<testsuite name="com.qa.testCases.AmazonSearchPageTest" tests="2" time="2.071" ignored="0" failures="0" timestamp="24 May 2020 09:47:08 GMT" skipped="0" hostname="IITC-WS-DT06" errors="0">
  <testcase name="getPrice" time="0.031" classname="com.qa.testCases.AmazonSearchPageTest"/>
  <testcase name="amazonPhoneSearch" time="2.040" classname="com.qa.testCases.AmazonSearchPageTest"/>
</testsuite> <!-- com.qa.testCases.AmazonSearchPageTest -->
