<?xml version="1.0" encoding="UTF-8"?>
<!-- Generated by org.testng.reporters.JUnitReportReporter -->
<testsuite name="com.qa.testCases.FlipkartHomePageTest" tests="3" time="8.291" ignored="0" failures="0" timestamp="24 May 2020 09:47:08 GMT" skipped="0" hostname="IITC-WS-DT06" errors="0">
  <testcase name="searchClickTest" time="2.083" classname="com.qa.testCases.FlipkartHomePageTest"/>
  <testcase name="mobileSearchItemTest" time="0.273" classname="com.qa.testCases.FlipkartHomePageTest"/>
  <testcase name="setup" time="5.935" classname="com.qa.testCases.FlipkartHomePageTest"/>
</testsuite> <!-- com.qa.testCases.FlipkartHomePageTest -->
