<?xml version="1.0" encoding="UTF-8"?>
<!-- Generated by org.testng.reporters.JUnitReportReporter -->
<testsuite name="com.qa.testCases.AmazonHomePageTest" tests="1" time="1.764" ignored="0" failures="0" timestamp="23 May 2020 12:33:48 GMT" skipped="0" hostname="IITC-WS-DT06" errors="0">
  <testcase name="mobileSearchItemTest" time="1.764" classname="com.qa.testCases.AmazonHomePageTest"/>
</testsuite> <!-- com.qa.testCases.AmazonHomePageTest -->
