<?xml version="1.0" encoding="UTF-8"?>
<!-- Generated by org.testng.reporters.JUnitReportReporter -->
<testsuite name="com.qa.testCases.AmazonSearchPageTest" tests="2" time="2.084" ignored="0" failures="0" timestamp="23 May 2020 12:33:48 GMT" skipped="0" hostname="IITC-WS-DT06" errors="0">
  <testcase name="amazonPhoneSearch" time="2.054" classname="com.qa.testCases.AmazonSearchPageTest"/>
  <testcase name="amazonPrice" time="0.030" classname="com.qa.testCases.AmazonSearchPageTest"/>
</testsuite> <!-- com.qa.testCases.AmazonSearchPageTest -->
